<?xml version="1.0" encoding="UTF-8"?>
<!-- Generated by org.testng.reporters.JUnitXMLReporter -->
<testsuite ignored="2" hostname="HamzehAbuAmer" failures="0" tests="2" name="Default test" time="3.686" errors="0" timestamp="2024-06-12T04:51:27 EET">
  <testcase classname="myTestcases" name="loginTest" time="1.203"/>
  <testcase classname="myTestcases" name="addItemsHasTextLabs" time="0.319"/>
  <testcase classname="myTestcases" name="addAllitemsexceptNumber3" time="0.0">
    <ignored/>
  </testcase> <!-- addAllitemsexceptNumber3 -->
  <testcase classname="myTestcases" name="addAllitems" time="0.0">
    <ignored/>
  </testcase> <!-- addAllitems -->
</testsuite> <!-- Default test -->
