<?xml version="1.0" encoding="UTF-8"?>
<testng-results ignored="2" total="4" passed="2" failed="0" skipped="0">
  <reporter-output>
  </reporter-output>
  <suite started-at="2024-06-12T04:51:23 EET" name="Default suite" finished-at="2024-06-12T04:51:27 EET" duration-ms="3686">
    <groups>
    </groups>
    <test started-at="2024-06-12T04:51:23 EET" name="Default test" finished-at="2024-06-12T04:51:27 EET" duration-ms="3686">
      <class name="myTestcases">
        <test-method is-config="true" signature="mySetup()[pri:0, instance:myTestcases@55787112]" started-at="2024-06-12T04:51:23 EET" name="mySetup" finished-at="2024-06-12T04:51:25 EET" duration-ms="1997" status="PASS">
          <reporter-output>
          </reporter-output>
        </test-method> <!-- mySetup -->
        <test-method signature="loginTest()[pri:1, instance:myTestcases@55787112]" started-at="2024-06-12T04:51:25 EET" name="loginTest" finished-at="2024-06-12T04:51:26 EET" duration-ms="1203" status="PASS">
          <reporter-output>
          </reporter-output>
        </test-method> <!-- loginTest -->
        <test-method signature="addItemsHasTextLabs()[pri:4, instance:myTestcases@55787112]" started-at="2024-06-12T04:51:26 EET" name="addItemsHasTextLabs" finished-at="2024-06-12T04:51:27 EET" duration-ms="319" status="PASS">
          <reporter-output>
          </reporter-output>
        </test-method> <!-- addItemsHasTextLabs -->
      </class> <!-- myTestcases -->
    </test> <!-- Default test -->
  </suite> <!-- Default suite -->
</testng-results>
